-------------------------------------------------------------------------------
Test set: PublicTickLifecycleTest
-------------------------------------------------------------------------------
Tests run: 1, Failures: 0, Errors: 1, Skipped: 0, Time elapsed: 0.061 s <<< FAILURE! -- in PublicTickLifecycleTest
PublicTickLifecycleTest.tick_movesUnitTowardIncident_andEventuallyResolves -- Time elapsed: 0.031 s <<< ERROR!
java.lang.UnsupportedOperationException: Not implemented yet
	at cityrescue.CityRescueImpl.dispatch(CityRescueImpl.java:434)
	at PublicTickLifecycleTest.tick_movesUnitTowardIncident_andEventuallyResolves(PublicTickLifecycleTest.java:23)
	at java.base/java.lang.reflect.Method.invoke(Method.java:565)
	at java.base/java.util.ArrayList.forEach(ArrayList.java:1604)
	at java.base/java.util.ArrayList.forEach(ArrayList.java:1604)

