-------------------------------------------------------------------------------
Test set: PublicDispatchTest
-------------------------------------------------------------------------------
Tests run: 1, Failures: 0, Errors: 1, Skipped: 0, Time elapsed: 0.034 s <<< FAILURE! -- in PublicDispatchTest
PublicDispatchTest.dispatch_assignsClosestEligibleUnit_thenLowestUnitId -- Time elapsed: 0.027 s <<< ERROR!
java.lang.UnsupportedOperationException: Not implemented yet
	at cityrescue.CityRescueImpl.dispatch(CityRescueImpl.java:434)
	at PublicDispatchTest.dispatch_assignsClosestEligibleUnit_thenLowestUnitId(PublicDispatchTest.java:25)
	at java.base/java.lang.reflect.Method.invoke(Method.java:565)
	at java.base/java.util.ArrayList.forEach(ArrayList.java:1604)
	at java.base/java.util.ArrayList.forEach(ArrayList.java:1604)

