<?xml version="1.0" encoding="UTF-8"?>
<testsuite xmlns:xsi="http://www.w3.org/2001/XMLSchema-instance" xsi:noNamespaceSchemaLocation="https://maven.apache.org/surefire/maven-surefire-plugin/xsd/surefire-test-report-3.0.xsd" version="3.0" name="EdgeCaseTest" time="0.021" tests="4" errors="0" skipped="0" failures="0">
  <properties>
[...]
</properties>
  <testcase name="test_last_first_legal_move" classname="EdgeCaseTest" time="0.002">
    <system-out><![CDATA[[[null, null, null, null, null, null], [null, null, null, null, null, null], [null, null, null, null, null, null], [null, null, null, null, null, null], [null, null, null, null, null, null], [null, null, null, null, null, null]]
0 100-------------------------------------------------------------------------------------------------------------------------------------------------------------------------------------------------------------------------------------------------------------------------------------------
1
U#1 TYPE=POLICE_CAR HOME=1LOC=(2,1) STATUS=EN_ROUTE INCIDENT=1
This way0
U#1 TYPE=POLICE_CAR HOME=1LOC=(2,2) STATUS=EN_ROUTE INCIDENT=1
U#1 TYPE=POLICE_CAR HOME=1LOC=(2,1) STATUS=EN_ROUTE INCIDENT=1
This way0
U#1 TYPE=POLICE_CAR HOME=1LOC=(2,2) STATUS=EN_ROUTE INCIDENT=1
U#1 TYPE=POLICE_CAR HOME=1LOC=(2,1) STATUS=EN_ROUTE INCIDENT=1
This way0
TICK=7
 STATIONS=1 UNITS=1 INCIDENTS=1 OBSTACLES=2
INCIDENTS
 
I# 1 TYPE=CRIME SEV=3LOC=(4,3) STATUS=REPORTEDUNIT=1
UNITS
U#1 TYPE=POLICE_CAR HOME=1LOC=(2,1) STATUS=EN_ROUTE INCIDENT=1
]]></system-out>
  </testcase>
  <testcase name="test_unit_max_capacity" classname="EdgeCaseTest" time="0.009">
    <system-out><![CDATA[[[null, null, null, null, null, null], [null, null, null, null, null, null], [null, null, null, null, null, null], [null, null, null, null, null, null], [null, null, null, null, null, null], [null, null, null, null, null, null]]
HHHHHHHHHHHHHHHHHHHHHHHHHHHEEEEEEEEEEEEEEEEEEEEEEEEEEEEEEEEEEEELLLLLLLLLLLLLLLLLLLLLLLLLLLLLLLLOOOOOOOOOOOOOOOOOOOOOOOOOOOOOOOOOO
0 100-------------------------------------------------------------------------------------------------------------------------------------------------------------------------------------------------------------------------------------------------------------------------------------------
1 100-------------------------------------------------------------------------------------------------------------------------------------------------------------------------------------------------------------------------------------------------------------------------------------------
2 100-------------------------------------------------------------------------------------------------------------------------------------------------------------------------------------------------------------------------------------------------------------------------------------------
3 100-------------------------------------------------------------------------------------------------------------------------------------------------------------------------------------------------------------------------------------------------------------------------------------------
4 100-------------------------------------------------------------------------------------------------------------------------------------------------------------------------------------------------------------------------------------------------------------------------------------------
5 100-------------------------------------------------------------------------------------------------------------------------------------------------------------------------------------------------------------------------------------------------------------------------------------------
6 100-------------------------------------------------------------------------------------------------------------------------------------------------------------------------------------------------------------------------------------------------------------------------------------------
7 100-------------------------------------------------------------------------------------------------------------------------------------------------------------------------------------------------------------------------------------------------------------------------------------------
8 100-------------------------------------------------------------------------------------------------------------------------------------------------------------------------------------------------------------------------------------------------------------------------------------------
9 100-------------------------------------------------------------------------------------------------------------------------------------------------------------------------------------------------------------------------------------------------------------------------------------------
10 100-------------------------------------------------------------------------------------------------------------------------------------------------------------------------------------------------------------------------------------------------------------------------------------------
11 100-------------------------------------------------------------------------------------------------------------------------------------------------------------------------------------------------------------------------------------------------------------------------------------------
12 100-------------------------------------------------------------------------------------------------------------------------------------------------------------------------------------------------------------------------------------------------------------------------------------------
13 100-------------------------------------------------------------------------------------------------------------------------------------------------------------------------------------------------------------------------------------------------------------------------------------------
14 100-------------------------------------------------------------------------------------------------------------------------------------------------------------------------------------------------------------------------------------------------------------------------------------------
15 100-------------------------------------------------------------------------------------------------------------------------------------------------------------------------------------------------------------------------------------------------------------------------------------------
16 100-------------------------------------------------------------------------------------------------------------------------------------------------------------------------------------------------------------------------------------------------------------------------------------------
17 100-------------------------------------------------------------------------------------------------------------------------------------------------------------------------------------------------------------------------------------------------------------------------------------------
18 100-------------------------------------------------------------------------------------------------------------------------------------------------------------------------------------------------------------------------------------------------------------------------------------------
19 100-------------------------------------------------------------------------------------------------------------------------------------------------------------------------------------------------------------------------------------------------------------------------------------------
20 100-------------------------------------------------------------------------------------------------------------------------------------------------------------------------------------------------------------------------------------------------------------------------------------------
21 100-------------------------------------------------------------------------------------------------------------------------------------------------------------------------------------------------------------------------------------------------------------------------------------------
22 100-------------------------------------------------------------------------------------------------------------------------------------------------------------------------------------------------------------------------------------------------------------------------------------------
23 100-------------------------------------------------------------------------------------------------------------------------------------------------------------------------------------------------------------------------------------------------------------------------------------------
24 100-------------------------------------------------------------------------------------------------------------------------------------------------------------------------------------------------------------------------------------------------------------------------------------------
25 100-------------------------------------------------------------------------------------------------------------------------------------------------------------------------------------------------------------------------------------------------------------------------------------------
26 100-------------------------------------------------------------------------------------------------------------------------------------------------------------------------------------------------------------------------------------------------------------------------------------------
27 100-------------------------------------------------------------------------------------------------------------------------------------------------------------------------------------------------------------------------------------------------------------------------------------------
28 100-------------------------------------------------------------------------------------------------------------------------------------------------------------------------------------------------------------------------------------------------------------------------------------------
29 100-------------------------------------------------------------------------------------------------------------------------------------------------------------------------------------------------------------------------------------------------------------------------------------------
30 100-------------------------------------------------------------------------------------------------------------------------------------------------------------------------------------------------------------------------------------------------------------------------------------------
31 100-------------------------------------------------------------------------------------------------------------------------------------------------------------------------------------------------------------------------------------------------------------------------------------------
32 100-------------------------------------------------------------------------------------------------------------------------------------------------------------------------------------------------------------------------------------------------------------------------------------------
33 100-------------------------------------------------------------------------------------------------------------------------------------------------------------------------------------------------------------------------------------------------------------------------------------------
34 100-------------------------------------------------------------------------------------------------------------------------------------------------------------------------------------------------------------------------------------------------------------------------------------------
35 100-------------------------------------------------------------------------------------------------------------------------------------------------------------------------------------------------------------------------------------------------------------------------------------------
36 100-------------------------------------------------------------------------------------------------------------------------------------------------------------------------------------------------------------------------------------------------------------------------------------------
37 100-------------------------------------------------------------------------------------------------------------------------------------------------------------------------------------------------------------------------------------------------------------------------------------------
38 100-------------------------------------------------------------------------------------------------------------------------------------------------------------------------------------------------------------------------------------------------------------------------------------------
39 100-------------------------------------------------------------------------------------------------------------------------------------------------------------------------------------------------------------------------------------------------------------------------------------------
40 100-------------------------------------------------------------------------------------------------------------------------------------------------------------------------------------------------------------------------------------------------------------------------------------------
41 100-------------------------------------------------------------------------------------------------------------------------------------------------------------------------------------------------------------------------------------------------------------------------------------------
42 100-------------------------------------------------------------------------------------------------------------------------------------------------------------------------------------------------------------------------------------------------------------------------------------------
43 100-------------------------------------------------------------------------------------------------------------------------------------------------------------------------------------------------------------------------------------------------------------------------------------------
44 100-------------------------------------------------------------------------------------------------------------------------------------------------------------------------------------------------------------------------------------------------------------------------------------------
45 100-------------------------------------------------------------------------------------------------------------------------------------------------------------------------------------------------------------------------------------------------------------------------------------------
46 100-------------------------------------------------------------------------------------------------------------------------------------------------------------------------------------------------------------------------------------------------------------------------------------------
47 100-------------------------------------------------------------------------------------------------------------------------------------------------------------------------------------------------------------------------------------------------------------------------------------------
48 100-------------------------------------------------------------------------------------------------------------------------------------------------------------------------------------------------------------------------------------------------------------------------------------------
49 100-------------------------------------------------------------------------------------------------------------------------------------------------------------------------------------------------------------------------------------------------------------------------------------------
TICK=0
 STATIONS=2 UNITS=50 INCIDENTS=0 OBSTACLES=0
INCIDENTS
 
UNITS
U#1 TYPE=POLICE_CAR HOME=1LOC=(0,0) STATUS=IDLE INCIDENT=-1
U#2 TYPE=POLICE_CAR HOME=1LOC=(0,0) STATUS=IDLE INCIDENT=-1
U#3 TYPE=POLICE_CAR HOME=1LOC=(0,0) STATUS=IDLE INCIDENT=-1
U#4 TYPE=POLICE_CAR HOME=1LOC=(0,0) STATUS=IDLE INCIDENT=-1
U#5 TYPE=POLICE_CAR HOME=1LOC=(0,0) STATUS=IDLE INCIDENT=-1
U#6 TYPE=POLICE_CAR HOME=1LOC=(0,0) STATUS=IDLE INCIDENT=-1
U#7 TYPE=POLICE_CAR HOME=1LOC=(0,0) STATUS=IDLE INCIDENT=-1
U#8 TYPE=POLICE_CAR HOME=1LOC=(0,0) STATUS=IDLE INCIDENT=-1
U#9 TYPE=POLICE_CAR HOME=1LOC=(0,0) STATUS=IDLE INCIDENT=-1
U#10 TYPE=POLICE_CAR HOME=1LOC=(0,0) STATUS=IDLE INCIDENT=-1
U#11 TYPE=POLICE_CAR HOME=1LOC=(0,0) STATUS=IDLE INCIDENT=-1
U#12 TYPE=POLICE_CAR HOME=1LOC=(0,0) STATUS=IDLE INCIDENT=-1
U#13 TYPE=POLICE_CAR HOME=1LOC=(0,0) STATUS=IDLE INCIDENT=-1
U#14 TYPE=POLICE_CAR HOME=1LOC=(0,0) STATUS=IDLE INCIDENT=-1
U#15 TYPE=POLICE_CAR HOME=1LOC=(0,0) STATUS=IDLE INCIDENT=-1
U#16 TYPE=POLICE_CAR HOME=1LOC=(0,0) STATUS=IDLE INCIDENT=-1
U#17 TYPE=POLICE_CAR HOME=1LOC=(0,0) STATUS=IDLE INCIDENT=-1
U#18 TYPE=POLICE_CAR HOME=1LOC=(0,0) STATUS=IDLE INCIDENT=-1
U#19 TYPE=POLICE_CAR HOME=1LOC=(0,0) STATUS=IDLE INCIDENT=-1
U#20 TYPE=POLICE_CAR HOME=1LOC=(0,0) STATUS=IDLE INCIDENT=-1
U#21 TYPE=POLICE_CAR HOME=1LOC=(0,0) STATUS=IDLE INCIDENT=-1
U#22 TYPE=POLICE_CAR HOME=1LOC=(0,0) STATUS=IDLE INCIDENT=-1
U#23 TYPE=POLICE_CAR HOME=1LOC=(0,0) STATUS=IDLE INCIDENT=-1
U#24 TYPE=POLICE_CAR HOME=1LOC=(0,0) STATUS=IDLE INCIDENT=-1
U#25 TYPE=POLICE_CAR HOME=1LOC=(0,0) STATUS=IDLE INCIDENT=-1
U#26 TYPE=POLICE_CAR HOME=1LOC=(0,0) STATUS=IDLE INCIDENT=-1
U#27 TYPE=POLICE_CAR HOME=1LOC=(0,0) STATUS=IDLE INCIDENT=-1
U#28 TYPE=POLICE_CAR HOME=1LOC=(0,0) STATUS=IDLE INCIDENT=-1
U#29 TYPE=POLICE_CAR HOME=1LOC=(0,0) STATUS=IDLE INCIDENT=-1
U#30 TYPE=POLICE_CAR HOME=1LOC=(0,0) STATUS=IDLE INCIDENT=-1
U#31 TYPE=POLICE_CAR HOME=1LOC=(0,0) STATUS=IDLE INCIDENT=-1
U#32 TYPE=POLICE_CAR HOME=1LOC=(0,0) STATUS=IDLE INCIDENT=-1
U#33 TYPE=POLICE_CAR HOME=1LOC=(0,0) STATUS=IDLE INCIDENT=-1
U#34 TYPE=POLICE_CAR HOME=1LOC=(0,0) STATUS=IDLE INCIDENT=-1
U#35 TYPE=POLICE_CAR HOME=1LOC=(0,0) STATUS=IDLE INCIDENT=-1
U#36 TYPE=POLICE_CAR HOME=1LOC=(0,0) STATUS=IDLE INCIDENT=-1
U#37 TYPE=POLICE_CAR HOME=1LOC=(0,0) STATUS=IDLE INCIDENT=-1
U#38 TYPE=POLICE_CAR HOME=1LOC=(0,0) STATUS=IDLE INCIDENT=-1
U#39 TYPE=POLICE_CAR HOME=1LOC=(0,0) STATUS=IDLE INCIDENT=-1
U#40 TYPE=POLICE_CAR HOME=1LOC=(0,0) STATUS=IDLE INCIDENT=-1
U#41 TYPE=POLICE_CAR HOME=1LOC=(0,0) STATUS=IDLE INCIDENT=-1
U#42 TYPE=POLICE_CAR HOME=1LOC=(0,0) STATUS=IDLE INCIDENT=-1
U#43 TYPE=POLICE_CAR HOME=1LOC=(0,0) STATUS=IDLE INCIDENT=-1
U#44 TYPE=POLICE_CAR HOME=1LOC=(0,0) STATUS=IDLE INCIDENT=-1
U#45 TYPE=POLICE_CAR HOME=1LOC=(0,0) STATUS=IDLE INCIDENT=-1
U#46 TYPE=POLICE_CAR HOME=1LOC=(0,0) STATUS=IDLE INCIDENT=-1
U#47 TYPE=POLICE_CAR HOME=1LOC=(0,0) STATUS=IDLE INCIDENT=-1
U#48 TYPE=POLICE_CAR HOME=1LOC=(0,0) STATUS=IDLE INCIDENT=-1
U#49 TYPE=POLICE_CAR HOME=1LOC=(0,0) STATUS=IDLE INCIDENT=-1
U#50 TYPE=POLICE_CAR HOME=1LOC=(0,0) STATUS=IDLE INCIDENT=-1
U#3 TYPE=POLICE_CAR HOME=1LOC=(0,0) STATUS=IDLE INCIDENT=-1
50 100-------------------------------------------------------------------------------------------------------------------------------------------------------------------------------------------------------------------------------------------------------------------------------------------
U#51 TYPE=AMBULANCE HOME=1LOC=(0,0) STATUS=IDLE INCIDENT=-1
TICK=0
 STATIONS=2 UNITS=50 INCIDENTS=1 OBSTACLES=0
INCIDENTS
 
I# 1 TYPE=CRIME SEV=2LOC=(2,2) STATUS=REPORTEDUNIT=0
UNITS
U#1 TYPE=POLICE_CAR HOME=1LOC=(0,0) STATUS=IDLE INCIDENT=-1
U#2 TYPE=POLICE_CAR HOME=1LOC=(0,0) STATUS=IDLE INCIDENT=-1
U#51 TYPE=AMBULANCE HOME=1LOC=(0,0) STATUS=IDLE INCIDENT=-1
U#4 TYPE=POLICE_CAR HOME=1LOC=(0,0) STATUS=IDLE INCIDENT=-1
U#5 TYPE=POLICE_CAR HOME=1LOC=(0,0) STATUS=IDLE INCIDENT=-1
U#6 TYPE=POLICE_CAR HOME=1LOC=(0,0) STATUS=IDLE INCIDENT=-1
U#7 TYPE=POLICE_CAR HOME=1LOC=(0,0) STATUS=IDLE INCIDENT=-1
U#8 TYPE=POLICE_CAR HOME=1LOC=(0,0) STATUS=IDLE INCIDENT=-1
U#9 TYPE=POLICE_CAR HOME=1LOC=(0,0) STATUS=IDLE INCIDENT=-1
U#10 TYPE=POLICE_CAR HOME=1LOC=(0,0) STATUS=IDLE INCIDENT=-1
U#11 TYPE=POLICE_CAR HOME=1LOC=(0,0) STATUS=IDLE INCIDENT=-1
U#12 TYPE=POLICE_CAR HOME=1LOC=(0,0) STATUS=IDLE INCIDENT=-1
U#13 TYPE=POLICE_CAR HOME=1LOC=(0,0) STATUS=IDLE INCIDENT=-1
U#14 TYPE=POLICE_CAR HOME=1LOC=(0,0) STATUS=IDLE INCIDENT=-1
U#15 TYPE=POLICE_CAR HOME=1LOC=(0,0) STATUS=IDLE INCIDENT=-1
U#16 TYPE=POLICE_CAR HOME=1LOC=(0,0) STATUS=IDLE INCIDENT=-1
U#17 TYPE=POLICE_CAR HOME=1LOC=(0,0) STATUS=IDLE INCIDENT=-1
U#18 TYPE=POLICE_CAR HOME=1LOC=(0,0) STATUS=IDLE INCIDENT=-1
U#19 TYPE=POLICE_CAR HOME=1LOC=(0,0) STATUS=IDLE INCIDENT=-1
U#20 TYPE=POLICE_CAR HOME=1LOC=(0,0) STATUS=IDLE INCIDENT=-1
U#21 TYPE=POLICE_CAR HOME=1LOC=(0,0) STATUS=IDLE INCIDENT=-1
U#22 TYPE=POLICE_CAR HOME=1LOC=(0,0) STATUS=IDLE INCIDENT=-1
U#23 TYPE=POLICE_CAR HOME=1LOC=(0,0) STATUS=IDLE INCIDENT=-1
U#24 TYPE=POLICE_CAR HOME=1LOC=(0,0) STATUS=IDLE INCIDENT=-1
U#25 TYPE=POLICE_CAR HOME=1LOC=(0,0) STATUS=IDLE INCIDENT=-1
U#26 TYPE=POLICE_CAR HOME=1LOC=(0,0) STATUS=IDLE INCIDENT=-1
U#27 TYPE=POLICE_CAR HOME=1LOC=(0,0) STATUS=IDLE INCIDENT=-1
U#28 TYPE=POLICE_CAR HOME=1LOC=(0,0) STATUS=IDLE INCIDENT=-1
U#29 TYPE=POLICE_CAR HOME=1LOC=(0,0) STATUS=IDLE INCIDENT=-1
U#30 TYPE=POLICE_CAR HOME=1LOC=(0,0) STATUS=IDLE INCIDENT=-1
U#31 TYPE=POLICE_CAR HOME=1LOC=(0,0) STATUS=IDLE INCIDENT=-1
U#32 TYPE=POLICE_CAR HOME=1LOC=(0,0) STATUS=IDLE INCIDENT=-1
U#33 TYPE=POLICE_CAR HOME=1LOC=(0,0) STATUS=IDLE INCIDENT=-1
U#34 TYPE=POLICE_CAR HOME=1LOC=(0,0) STATUS=IDLE INCIDENT=-1
U#35 TYPE=POLICE_CAR HOME=1LOC=(0,0) STATUS=IDLE INCIDENT=-1
U#36 TYPE=POLICE_CAR HOME=1LOC=(0,0) STATUS=IDLE INCIDENT=-1
U#37 TYPE=POLICE_CAR HOME=1LOC=(0,0) STATUS=IDLE INCIDENT=-1
U#38 TYPE=POLICE_CAR HOME=1LOC=(0,0) STATUS=IDLE INCIDENT=-1
U#39 TYPE=POLICE_CAR HOME=1LOC=(0,0) STATUS=IDLE INCIDENT=-1
U#40 TYPE=POLICE_CAR HOME=1LOC=(0,0) STATUS=IDLE INCIDENT=-1
U#41 TYPE=POLICE_CAR HOME=1LOC=(0,0) STATUS=IDLE INCIDENT=-1
U#42 TYPE=POLICE_CAR HOME=1LOC=(0,0) STATUS=IDLE INCIDENT=-1
U#43 TYPE=POLICE_CAR HOME=1LOC=(0,0) STATUS=IDLE INCIDENT=-1
U#44 TYPE=POLICE_CAR HOME=1LOC=(0,0) STATUS=IDLE INCIDENT=-1
U#45 TYPE=POLICE_CAR HOME=1LOC=(0,0) STATUS=IDLE INCIDENT=-1
U#46 TYPE=POLICE_CAR HOME=1LOC=(0,0) STATUS=IDLE INCIDENT=-1
U#47 TYPE=POLICE_CAR HOME=1LOC=(0,0) STATUS=IDLE INCIDENT=-1
U#48 TYPE=POLICE_CAR HOME=1LOC=(0,0) STATUS=IDLE INCIDENT=-1
U#49 TYPE=POLICE_CAR HOME=1LOC=(0,0) STATUS=IDLE INCIDENT=-1
U#50 TYPE=POLICE_CAR HOME=1LOC=(0,0) STATUS=IDLE INCIDENT=-1
U#51 TYPE=AMBULANCE HOME=2LOC=(0,0) STATUS=IDLE INCIDENT=-1
TICK=0
 STATIONS=2 UNITS=50 INCIDENTS=0 OBSTACLES=0
INCIDENTS
 
I# 1 TYPE=CRIME SEV=2LOC=(2,2) STATUS=CANCELLEDUNIT=0
UNITS
U#1 TYPE=POLICE_CAR HOME=1LOC=(0,0) STATUS=IDLE INCIDENT=-1
U#2 TYPE=POLICE_CAR HOME=1LOC=(0,0) STATUS=IDLE INCIDENT=-1
U#51 TYPE=AMBULANCE HOME=2LOC=(0,0) STATUS=IDLE INCIDENT=-1
U#4 TYPE=POLICE_CAR HOME=1LOC=(0,0) STATUS=IDLE INCIDENT=-1
U#5 TYPE=POLICE_CAR HOME=1LOC=(0,0) STATUS=IDLE INCIDENT=-1
U#6 TYPE=POLICE_CAR HOME=1LOC=(0,0) STATUS=IDLE INCIDENT=-1
U#7 TYPE=POLICE_CAR HOME=1LOC=(0,0) STATUS=IDLE INCIDENT=-1
U#8 TYPE=POLICE_CAR HOME=1LOC=(0,0) STATUS=IDLE INCIDENT=-1
U#9 TYPE=POLICE_CAR HOME=1LOC=(0,0) STATUS=IDLE INCIDENT=-1
U#10 TYPE=POLICE_CAR HOME=1LOC=(0,0) STATUS=IDLE INCIDENT=-1
U#11 TYPE=POLICE_CAR HOME=1LOC=(0,0) STATUS=IDLE INCIDENT=-1
U#12 TYPE=POLICE_CAR HOME=1LOC=(0,0) STATUS=IDLE INCIDENT=-1
U#13 TYPE=POLICE_CAR HOME=1LOC=(0,0) STATUS=IDLE INCIDENT=-1
U#14 TYPE=POLICE_CAR HOME=1LOC=(0,0) STATUS=IDLE INCIDENT=-1
U#15 TYPE=POLICE_CAR HOME=1LOC=(0,0) STATUS=IDLE INCIDENT=-1
U#16 TYPE=POLICE_CAR HOME=1LOC=(0,0) STATUS=IDLE INCIDENT=-1
U#17 TYPE=POLICE_CAR HOME=1LOC=(0,0) STATUS=IDLE INCIDENT=-1
U#18 TYPE=POLICE_CAR HOME=1LOC=(0,0) STATUS=IDLE INCIDENT=-1
U#19 TYPE=POLICE_CAR HOME=1LOC=(0,0) STATUS=IDLE INCIDENT=-1
U#20 TYPE=POLICE_CAR HOME=1LOC=(0,0) STATUS=IDLE INCIDENT=-1
U#21 TYPE=POLICE_CAR HOME=1LOC=(0,0) STATUS=IDLE INCIDENT=-1
U#22 TYPE=POLICE_CAR HOME=1LOC=(0,0) STATUS=IDLE INCIDENT=-1
U#23 TYPE=POLICE_CAR HOME=1LOC=(0,0) STATUS=IDLE INCIDENT=-1
U#24 TYPE=POLICE_CAR HOME=1LOC=(0,0) STATUS=IDLE INCIDENT=-1
U#25 TYPE=POLICE_CAR HOME=1LOC=(0,0) STATUS=IDLE INCIDENT=-1
U#26 TYPE=POLICE_CAR HOME=1LOC=(0,0) STATUS=IDLE INCIDENT=-1
U#27 TYPE=POLICE_CAR HOME=1LOC=(0,0) STATUS=IDLE INCIDENT=-1
U#28 TYPE=POLICE_CAR HOME=1LOC=(0,0) STATUS=IDLE INCIDENT=-1
U#29 TYPE=POLICE_CAR HOME=1LOC=(0,0) STATUS=IDLE INCIDENT=-1
U#30 TYPE=POLICE_CAR HOME=1LOC=(0,0) STATUS=IDLE INCIDENT=-1
U#31 TYPE=POLICE_CAR HOME=1LOC=(0,0) STATUS=IDLE INCIDENT=-1
U#32 TYPE=POLICE_CAR HOME=1LOC=(0,0) STATUS=IDLE INCIDENT=-1
U#33 TYPE=POLICE_CAR HOME=1LOC=(0,0) STATUS=IDLE INCIDENT=-1
U#34 TYPE=POLICE_CAR HOME=1LOC=(0,0) STATUS=IDLE INCIDENT=-1
U#35 TYPE=POLICE_CAR HOME=1LOC=(0,0) STATUS=IDLE INCIDENT=-1
U#36 TYPE=POLICE_CAR HOME=1LOC=(0,0) STATUS=IDLE INCIDENT=-1
U#37 TYPE=POLICE_CAR HOME=1LOC=(0,0) STATUS=IDLE INCIDENT=-1
U#38 TYPE=POLICE_CAR HOME=1LOC=(0,0) STATUS=IDLE INCIDENT=-1
U#39 TYPE=POLICE_CAR HOME=1LOC=(0,0) STATUS=IDLE INCIDENT=-1
U#40 TYPE=POLICE_CAR HOME=1LOC=(0,0) STATUS=IDLE INCIDENT=-1
U#41 TYPE=POLICE_CAR HOME=1LOC=(0,0) STATUS=IDLE INCIDENT=-1
U#42 TYPE=POLICE_CAR HOME=1LOC=(0,0) STATUS=IDLE INCIDENT=-1
U#43 TYPE=POLICE_CAR HOME=1LOC=(0,0) STATUS=IDLE INCIDENT=-1
U#44 TYPE=POLICE_CAR HOME=1LOC=(0,0) STATUS=IDLE INCIDENT=-1
U#45 TYPE=POLICE_CAR HOME=1LOC=(0,0) STATUS=IDLE INCIDENT=-1
U#46 TYPE=POLICE_CAR HOME=1LOC=(0,0) STATUS=IDLE INCIDENT=-1
U#47 TYPE=POLICE_CAR HOME=1LOC=(0,0) STATUS=IDLE INCIDENT=-1
U#48 TYPE=POLICE_CAR HOME=1LOC=(0,0) STATUS=IDLE INCIDENT=-1
U#49 TYPE=POLICE_CAR HOME=1LOC=(0,0) STATUS=IDLE INCIDENT=-1
U#50 TYPE=POLICE_CAR HOME=1LOC=(0,0) STATUS=IDLE INCIDENT=-1
]]></system-out>
  </testcase>
  <testcase name="test_cancel" classname="EdgeCaseTest" time="0.003">
    <system-out><![CDATA[[[null, null, null, null, null, null], [null, null, null, null, null, null], [null, null, null, null, null, null], [null, null, null, null, null, null], [null, null, null, null, null, null], [null, null, null, null, null, null]]





0 100-------------------------------------------------------------------------------------------------------------------------------------------------------------------------------------------------------------------------------------------------------------------------------------------
This way0
U#1 TYPE=POLICE_CAR HOME=1LOC=(2,3) STATUS=EN_ROUTE INCIDENT=1
TICK=1
 STATIONS=1 UNITS=1 INCIDENTS=0 OBSTACLES=0
INCIDENTS
 
I# 1 TYPE=CRIME SEV=3LOC=(4,3) STATUS=CANCELLEDUNIT=1
UNITS
U#1 TYPE=POLICE_CAR HOME=1LOC=(2,3) STATUS=IDLE INCIDENT=1
TICK=2
 STATIONS=1 UNITS=1 INCIDENTS=0 OBSTACLES=0
INCIDENTS
 
I# 1 TYPE=CRIME SEV=3LOC=(4,3) STATUS=CANCELLEDUNIT=1
UNITS
U#1 TYPE=POLICE_CAR HOME=1LOC=(2,3) STATUS=IDLE INCIDENT=1





]]></system-out>
  </testcase>
  <testcase name="wills_testicle" classname="EdgeCaseTest" time="0.004">
    <system-out><![CDATA[[[null, null, null, null, null, null], [null, null, null, null, null, null], [null, null, null, null, null, null], [null, null, null, null, null, null], [null, null, null, null, null, null], [null, null, null, null, null, null]]
0 100-------------------------------------------------------------------------------------------------------------------------------------------------------------------------------------------------------------------------------------------------------------------------------------------
1 100-------------------------------------------------------------------------------------------------------------------------------------------------------------------------------------------------------------------------------------------------------------------------------------------
2 100-------------------------------------------------------------------------------------------------------------------------------------------------------------------------------------------------------------------------------------------------------------------------------------------
1
1
2
This way0
This way0
U#1 TYPE=POLICE_CAR HOME=1LOC=(0,1) STATUS=EN_ROUTE INCIDENT=1
U#3 TYPE=FIRE_ENGINE HOME=1LOC=(0,1) STATUS=EN_ROUTE INCIDENT=2
This way0
This way0
U#1 TYPE=POLICE_CAR HOME=1LOC=(0,2) STATUS=EN_ROUTE INCIDENT=1
U#3 TYPE=FIRE_ENGINE HOME=1LOC=(0,2) STATUS=EN_ROUTE INCIDENT=2
This way1
This way0
U#1 TYPE=POLICE_CAR HOME=1LOC=(1,2) STATUS=EN_ROUTE INCIDENT=1
U#3 TYPE=FIRE_ENGINE HOME=1LOC=(0,3) STATUS=EN_ROUTE INCIDENT=2
This way1
This way0
U#1 TYPE=POLICE_CAR HOME=1LOC=(2,2) STATUS=AT_SCENE INCIDENT=1
U#3 TYPE=FIRE_ENGINE HOME=1LOC=(0,4) STATUS=EN_ROUTE INCIDENT=2
This way1
U#1 TYPE=POLICE_CAR HOME=1LOC=(2,2) STATUS=AT_SCENE INCIDENT=1 WORK=1
U#3 TYPE=FIRE_ENGINE HOME=1LOC=(1,4) STATUS=EN_ROUTE INCIDENT=2
This way1
This way1
]]></system-out>
  </testcase>
</testsuite>