<?xml version="1.0" encoding="UTF-8"?>
<testsuite xmlns:xsi="http://www.w3.org/2001/XMLSchema-instance" xsi:noNamespaceSchemaLocation="https://maven.apache.org/surefire/maven-surefire-plugin/xsd/surefire-test-report-3.0.xsd" version="3.0" name="PublicMultipleUnitsAndIncidentsTest" time="0.073" tests="5" errors="0" skipped="0" failures="0">
  <properties>
[...]
</properties>
  <testcase name="tick_movesMultipleUnitsIndependently" classname="PublicMultipleUnitsAndIncidentsTest" time="0.017">
    <system-out><![CDATA[[[null, null, null, null, null, null, null, null, null, null], [null, null, null, null, null, null, null, null, null, null], [null, null, null, null, null, null, null, null, null, null], [null, null, null, null, null, null, null, null, null, null], [null, null, null, null, null, null, null, null, null, null], [null, null, null, null, null, null, null, null, null, null], [null, null, null, null, null, null, null, null, null, null], [null, null, null, null, null, null, null, null, null, null], [null, null, null, null, null, null, null, null, null, null], [null, null, null, null, null, null, null, null, null, null]]
0 100-------------------------------------------------------------------------------------------------------------------------------------------------------------------------------------------------------------------------------------------------------------------------------------------
0 100-------------------------------------------------------------------------------------------------------------------------------------------------------------------------------------------------------------------------------------------------------------------------------------------
U#1 TYPE=AMBULANCE HOME=1LOC=(0,0) STATUS=EN_ROUTE INCIDENT=1
U#2 TYPE=POLICE_CAR HOME=2LOC=(5,5) STATUS=EN_ROUTE INCIDENT=2
This way0
This way0
U#1 TYPE=AMBULANCE HOME=1LOC=(0,1) STATUS=AT_SCENE INCIDENT=1
U#2 TYPE=POLICE_CAR HOME=2LOC=(5,6) STATUS=AT_SCENE INCIDENT=2
TICK=1
 STATIONS=2 UNITS=2 INCIDENTS=2 OBSTACLES=0
INCIDENTS
 
I# 1 TYPE=MEDICAL SEV=1LOC=(0,1) STATUS=IN_PROGRESSUNIT=1
I# 2 TYPE=CRIME SEV=1LOC=(5,6) STATUS=IN_PROGRESSUNIT=2
UNITS
U#1 TYPE=AMBULANCE HOME=1LOC=(0,1) STATUS=AT_SCENE INCIDENT=1
U#2 TYPE=POLICE_CAR HOME=2LOC=(5,6) STATUS=AT_SCENE INCIDENT=2
]]></system-out>
  </testcase>
  <testcase name="getIds_areSorted_andNoZerosAtEnd" classname="PublicMultipleUnitsAndIncidentsTest" time="0.003">
    <system-out><![CDATA[[[null, null, null, null, null, null, null, null, null, null], [null, null, null, null, null, null, null, null, null, null], [null, null, null, null, null, null, null, null, null, null], [null, null, null, null, null, null, null, null, null, null], [null, null, null, null, null, null, null, null, null, null], [null, null, null, null, null, null, null, null, null, null], [null, null, null, null, null, null, null, null, null, null], [null, null, null, null, null, null, null, null, null, null], [null, null, null, null, null, null, null, null, null, null], [null, null, null, null, null, null, null, null, null, null]]
0 100-------------------------------------------------------------------------------------------------------------------------------------------------------------------------------------------------------------------------------------------------------------------------------------------
1 100-------------------------------------------------------------------------------------------------------------------------------------------------------------------------------------------------------------------------------------------------------------------------------------------
2 100-------------------------------------------------------------------------------------------------------------------------------------------------------------------------------------------------------------------------------------------------------------------------------------------
[I@710f4dc7
[I@1ff4931d
]]></system-out>
  </testcase>
  <testcase name="addMultipleUnits_ofDifferentTypes" classname="PublicMultipleUnitsAndIncidentsTest" time="0.01">
    <system-out><![CDATA[[[null, null, null, null, null, null, null, null, null, null], [null, null, null, null, null, null, null, null, null, null], [null, null, null, null, null, null, null, null, null, null], [null, null, null, null, null, null, null, null, null, null], [null, null, null, null, null, null, null, null, null, null], [null, null, null, null, null, null, null, null, null, null], [null, null, null, null, null, null, null, null, null, null], [null, null, null, null, null, null, null, null, null, null], [null, null, null, null, null, null, null, null, null, null], [null, null, null, null, null, null, null, null, null, null]]
0 100-------------------------------------------------------------------------------------------------------------------------------------------------------------------------------------------------------------------------------------------------------------------------------------------
1 100-------------------------------------------------------------------------------------------------------------------------------------------------------------------------------------------------------------------------------------------------------------------------------------------
0 100-------------------------------------------------------------------------------------------------------------------------------------------------------------------------------------------------------------------------------------------------------------------------------------------
TICK=0
 STATIONS=2 UNITS=3 INCIDENTS=0 OBSTACLES=0
INCIDENTS
 
UNITS
U#1 TYPE=AMBULANCE HOME=1LOC=(0,0) STATUS=IDLE INCIDENT=-1
U#2 TYPE=FIRE_ENGINE HOME=1LOC=(0,0) STATUS=IDLE INCIDENT=-1
U#3 TYPE=POLICE_CAR HOME=2LOC=(5,5) STATUS=IDLE INCIDENT=-1
U#1 TYPE=AMBULANCE HOME=1LOC=(0,0) STATUS=IDLE INCIDENT=-1
TICK=0
 STATIONS=2 UNITS=3 INCIDENTS=0 OBSTACLES=0
INCIDENTS
 
UNITS
U#1 TYPE=AMBULANCE HOME=1LOC=(0,0) STATUS=IDLE INCIDENT=-1
U#2 TYPE=FIRE_ENGINE HOME=1LOC=(0,0) STATUS=IDLE INCIDENT=-1
U#3 TYPE=POLICE_CAR HOME=2LOC=(5,5) STATUS=IDLE INCIDENT=-1
U#1 TYPE=AMBULANCE HOME=1LOC=(0,0) STATUS=IDLE INCIDENT=-1 00000000000000000000000000000000000000000000000000000000000000000000000000000000000000001
]]></system-out>
  </testcase>
  <testcase name="reportMultipleIncidents_ofDifferentTypes" classname="PublicMultipleUnitsAndIncidentsTest" time="0.0">
    <system-out><![CDATA[[[null, null, null, null, null, null, null, null, null, null], [null, null, null, null, null, null, null, null, null, null], [null, null, null, null, null, null, null, null, null, null], [null, null, null, null, null, null, null, null, null, null], [null, null, null, null, null, null, null, null, null, null], [null, null, null, null, null, null, null, null, null, null], [null, null, null, null, null, null, null, null, null, null], [null, null, null, null, null, null, null, null, null, null], [null, null, null, null, null, null, null, null, null, null], [null, null, null, null, null, null, null, null, null, null]]
1
1
2
1
2
3
]]></system-out>
  </testcase>
  <testcase name="dispatch_assignsCorrectUnitTypes" classname="PublicMultipleUnitsAndIncidentsTest" time="0.008">
    <system-out><![CDATA[[[null, null, null, null, null, null, null, null, null, null], [null, null, null, null, null, null, null, null, null, null], [null, null, null, null, null, null, null, null, null, null], [null, null, null, null, null, null, null, null, null, null], [null, null, null, null, null, null, null, null, null, null], [null, null, null, null, null, null, null, null, null, null], [null, null, null, null, null, null, null, null, null, null], [null, null, null, null, null, null, null, null, null, null], [null, null, null, null, null, null, null, null, null, null], [null, null, null, null, null, null, null, null, null, null]]
0 100-------------------------------------------------------------------------------------------------------------------------------------------------------------------------------------------------------------------------------------------------------------------------------------------
1 100-------------------------------------------------------------------------------------------------------------------------------------------------------------------------------------------------------------------------------------------------------------------------------------------
0 100-------------------------------------------------------------------------------------------------------------------------------------------------------------------------------------------------------------------------------------------------------------------------------------------
]]></system-out>
  </testcase>
</testsuite>