<?xml version="1.0" encoding="UTF-8"?>
<testsuite xmlns:xsi="http://www.w3.org/2001/XMLSchema-instance" xsi:noNamespaceSchemaLocation="https://maven.apache.org/surefire/maven-surefire-plugin/xsd/surefire-test-report-3.0.xsd" version="3.0" name="PublicOutputFormatTest" time="0.193" tests="2" errors="0" skipped="0" failures="0">
  <properties>
[...]
</properties>
  <testcase name="getStatus_containsRequiredHeadings" classname="PublicOutputFormatTest" time="0.112">
    <system-out><![CDATA[[[null, null, null, null, null], [null, null, null, null, null], [null, null, null, null, null], [null, null, null, null, null], [null, null, null, null, null]]
]]></system-out>
  </testcase>
  <testcase name="viewUnit_and_viewIncident_haveStablePrefixes" classname="PublicOutputFormatTest" time="0.014">
    <system-out><![CDATA[[[null, null, null, null, null], [null, null, null, null, null], [null, null, null, null, null], [null, null, null, null, null], [null, null, null, null, null]]
TYPE PASSED: FIRE_ENGINE
Fire enginge
null
added incident0
U#1 TYPE=FIRE_ENGINE HOME=1 LOC=(0,0) STATUS=IDLE INCIDENT=-1
1
I# 1 TYPE=FIRE SEV=3LOC=(4,4) STATUS=REPORTEDUNIT=0
1
1
]]></system-out>
  </testcase>
</testsuite>