<?xml version="1.0" encoding="UTF-8"?>
<testsuite xmlns:xsi="http://www.w3.org/2001/XMLSchema-instance" xsi:noNamespaceSchemaLocation="https://maven.apache.org/surefire/maven-surefire-plugin/xsd/surefire-test-report-3.0.xsd" version="3.0" name="CityRescueExceptionTests" time="0.124" tests="25" errors="0" skipped="0" failures="0">
  <properties>
[...]
</properties>
  <testcase name="addUnit_stationFull" classname="CityRescueExceptionTests" time="0.016"/>
  <testcase name="decommissionUnit_invalidId" classname="CityRescueExceptionTests" time="0.008"/>
  <testcase name="addUnit_nullType" classname="CityRescueExceptionTests" time="0.004"/>
  <testcase name="setStationCapacity_invalidId" classname="CityRescueExceptionTests" time="0.004"/>
  <testcase name="escalateIncident_invalidSeverity" classname="CityRescueExceptionTests" time="0.005"/>
  <testcase name="viewUnit_invalidId" classname="CityRescueExceptionTests" time="0.003"/>
  <testcase name="addStation_blankName" classname="CityRescueExceptionTests" time="0.004"/>
  <testcase name="initialise_invalidWidth" classname="CityRescueExceptionTests" time="0.005"/>
  <testcase name="reportIncident_invalidSeverity" classname="CityRescueExceptionTests" time="0.001"/>
  <testcase name="setUnitOutOfService_invalidId" classname="CityRescueExceptionTests" time="0.003"/>
  <testcase name="removeObstacle_outOfBounds" classname="CityRescueExceptionTests" time="0.003"/>
  <testcase name="decommissionUnit_enRoute" classname="CityRescueExceptionTests" time="0.001"/>
  <testcase name="transferUnit_invalidUnit" classname="CityRescueExceptionTests" time="0.002"/>
  <testcase name="setStationCapacity_invalidCapacity" classname="CityRescueExceptionTests" time="0.001"/>
  <testcase name="addStation_outOfBounds" classname="CityRescueExceptionTests" time="0.0"/>
  <testcase name="removeStation_withUnits" classname="CityRescueExceptionTests" time="0.003"/>
  <testcase name="reportIncident_outOfBounds" classname="CityRescueExceptionTests" time="0.005"/>
  <testcase name="addObstacle_outOfBounds" classname="CityRescueExceptionTests" time="0.001"/>
  <testcase name="transferUnit_notIdle" classname="CityRescueExceptionTests" time="0.003"/>
  <testcase name="viewIncident_invalidId" classname="CityRescueExceptionTests" time="0.002"/>
  <testcase name="addUnit_invalidStation" classname="CityRescueExceptionTests" time="0.001"/>
  <testcase name="removeStation_invalidId" classname="CityRescueExceptionTests" time="0.001"/>
  <testcase name="initialise_invalidHeight" classname="CityRescueExceptionTests" time="0.001"/>
  <testcase name="escalateIncident_invalidId" classname="CityRescueExceptionTests" time="0.002"/>
  <testcase name="cancelIncident_invalidId" classname="CityRescueExceptionTests" time="0.002"/>
</testsuite>